info it worked if it ends with ok
verbose cli [ 'node', '/usr/bin/npm', 'test' ]
info using npm@1.0.17
info using node@v0.4.11
verbose config file /Users/louis/.npmrc
verbose config file /usr/etc/npmrc
silly testEngine { name: 'azure',
silly testEngine   author: { name: 'Microsoft Corporation' },
silly testEngine   version: '0.5.2',
silly testEngine   description: 'Windows Azure Client Library for node',
silly testEngine   tags: [ 'azure', 'sdk' ],
silly testEngine   keywords: [ 'node', 'azure' ],
silly testEngine   main: './lib/azure.js',
silly testEngine   engines: { node: '>= 0.4.7' },
silly testEngine   licenses: 
silly testEngine    [ { type: 'Apache',
silly testEngine        url: 'http://www.apache.org/licenses/LICENSE-2.0' } ],
silly testEngine   dependencies: 
silly testEngine    { xml2js: '>= 0.1.11',
silly testEngine      sax: '>= 0.1.1',
silly testEngine      qs: '>= 0.3.1',
silly testEngine      log: '>= 1.2.0',
silly testEngine      xmlbuilder: '>= 0.3.1',
silly testEngine      mime: '>= 1.2.4',
silly testEngine      dateformat: '1.0.2-1.2.3',
silly testEngine      underscore: '>= 1.3.1',
silly testEngine      'underscore.string': '>= 2.0.0' },
silly testEngine   devDependencies: { mocha: '*', jshint: '*' },
silly testEngine   homepage: 'http://github.com/WindowsAzure/azure-sdk-for-node',
silly testEngine   repository: 
silly testEngine    { type: 'git',
silly testEngine      url: 'git@github.com:WindowsAzure/azure-sdk-for-node.git' },
silly testEngine   bugs: { url: 'http://github.com/WindowsAzure/azure-sdk-for-node/issues' },
silly testEngine   scripts: 
silly testEngine    { test: 'node test/runtests.js',
silly testEngine      jshint: 'node test/runjshint.js',
silly testEngine      extendedtests: 'node test/runextendedtests.js' },
silly testEngine   _npmJsonOpts: 
silly testEngine    { file: '/Users/louis/projects/azure-sdk-for-node-pr/package.json',
silly testEngine      wscript: false,
silly testEngine      contributors: false,
silly testEngine      serverjs: false },
silly testEngine   _id: 'azure@0.5.2',
silly testEngine   _engineSupported: true,
silly testEngine   _npmVersion: '1.0.17',
silly testEngine   _nodeVersion: 'v0.4.11',
silly testEngine   _defaultsLoaded: true }
verbose caching /Users/louis/projects/azure-sdk-for-node-pr/package.json
verbose loadDefaults azure@0.5.2
verbose run-script [ 'pretest', 'test', 'posttest' ]
info pretest azure@0.5.2
info test azure@0.5.2
verbose unsafe-perm in lifecycle true
silly exec sh "-c" "node test/runtests.js"
info azure@0.5.2 Failed to exec test script
ERR! azure@0.5.2 test: `node test/runtests.js`
ERR! `sh "-c" "node test/runtests.js"` failed with 9
ERR! 
ERR! Failed at the azure@0.5.2 test script.
ERR! This is most likely a problem with the azure package,
ERR! not with npm itself.
ERR! Tell the author that this fails on your system:
ERR!     node test/runtests.js
ERR! You can get their info via:
ERR!     npm owner ls azure
ERR! There is likely additional logging output above.
ERR! 
ERR! System Darwin 11.3.0
ERR! command "node" "/usr/bin/npm" "test"
ERR! cwd /Users/louis/projects/azure-sdk-for-node-pr
ERR! node -v v0.4.11
ERR! npm -v 1.0.17
verbose exit [ 1, true ]
